Name: е№ҝдёңзҸ жұҹ, URL: https://skype.serv00.net/itouch.php?id=gdzj$1920x1080, Date: None, Resolution: 1920x1080, Response Time: 375 ms
Name: е№ҝдёңдҪ“иӮІ, URL: https://skype.serv00.net/itouch.php?id=gdty$1920x1080, Date: None, Resolution: 1920x1080, Response Time: 375 ms
Name: е№ҝдёңж–°й—», URL: https://skype.serv00.net/itouch.php?id=gdxw$1920x1080, Date: None, Resolution: 1920x1080, Response Time: 375 ms
Name: е№ҝдёңеҚ«и§Ҷ, URL: http://gslbservzqhsw.itv.cmvideo.cn/1000000005000265034/1.m3u8?channel-id=ystenlive&Contentid=1000000005000265034&livemode=1&stbId=3$1920x1080, Date: None, Resolution: 1920x1080, Response Time: 375 ms
Name: е№ҝдёңеҚ«и§Ҷ, URL: http://gslbservzqhsw.itv.cmvideo.cn/1000000001000014176/1.m3u8?channel-id=ystenlive&Contentid=1000000001000014176&livemode=1&stbId=3$1920x1080, Date: None, Resolution: 1920x1080, Response Time: 375 ms
Name: еӨ§ж№ҫеҢәеҚ«и§Ҷ, URL: https://skype.serv00.net/itouch.php?id=nfws$1920x1080, Date: None, Resolution: 1920x1080, Response Time: 375 ms
Name: ж–°дјҡз»јеҗҲ, URL: https://skype.serv00.net/itouch.php?id=xhzh$1920x1080, Date: None, Resolution: 1920x1080, Response Time: 375 ms
Name: й№Өеұұз»јеҗҲ, URL: https://skype.serv00.net/itouch.php?id=hszh$1920x1080, Date: None, Resolution: 1920x1080, Response Time: 375 ms
Name: ж·ұеңіеҚ«и§Ҷ, URL: http://gslbservzqhsw.itv.cmvideo.cn/1000000005000265028/1.m3u8?channel-id=ystenlive&Contentid=1000000005000265028&livemode=1&stbId=3$1920x1080, Date: None, Resolution: 1920x1080, Response Time: 375 ms
Name: CCTV-2, URL: https://cntv.lat/tv/live.php?auth=231110&id=cctv2$1280x720, Date: None, Resolution: 1280x720, Response Time: 375 ms
Name: CCTV-11, URL: https://cd-live-stream.news.cctvplus.com/live/smil:CHANNEL1.smil/playlist.m3u8$426x240, Date: None, Resolution: 426x240, Response Time: 375 ms
Name: CCTV-13, URL: http://stream.smntv.cn/smtv1/playlist.m3u8$1280x720, Date: None, Resolution: 1280x720, Response Time: 375 ms
Name: е№ҝдёңеҚ«и§Ҷ, URL: http://gslbservzqhsw.itv.cmvideo.cn/1000000005000265034/1.m3u8?channel-id=ystenlive&Contentid=1000000005000265034&livemode=1&stbId=3$1920x1080, Date: None, Resolution: 1920x1080, Response Time: 375 ms
Name: е№ҝдёңеҚ«и§Ҷ, URL: http://gslbservzqhsw.itv.cmvideo.cn/1000000001000014176/1.m3u8?channel-id=ystenlive&Contentid=1000000001000014176&livemode=1&stbId=3$1920x1080, Date: None, Resolution: 1920x1080, Response Time: 375 ms
Name: жөҷжұҹеҚ«и§Ҷ, URL: https://ali-m-l.cztv.com/channels/lantian/channel001/1080p.m3u8$1920x1080, Date: None, Resolution: 1920x1080, Response Time: 375 ms
Name: жөҷжұҹеҚ«и§Ҷ, URL: http://gslbservzqhsw.itv.cmvideo.cn/5000000004000007275/1.m3u8?channel-id=bestzb&Contentid=5000000004000007275&livemode=1&stbId=3$1920x1080, Date: None, Resolution: 1920x1080, Response Time: 375 ms
Name: жөҷжұҹеҚ«и§Ҷ, URL: http://gslbservzqhsw.itv.cmvideo.cn/1000000005000265031/1.m3u8?channel-id=ystenlive&Contentid=1000000005000265031&livemode=1&stbId=3$1920x1080, Date: None, Resolution: 1920x1080, Response Time: 375 ms
Name: жөҷжұҹеҚ«и§Ҷ, URL: http://gslbservzqhsw.itv.cmvideo.cn/1000000001000014260/1.m3u8?channel-id=ystenlive&Contentid=1000000001000014260&livemode=1&stbId=3$1920x1080, Date: None, Resolution: 1920x1080, Response Time: 375 ms
Name: ж№–еҚ—еҚ«и§Ҷ, URL: http://gslbservzqhsw.itv.cmvideo.cn/1000000005000265024/1.m3u8?channel-id=ystenlive&Contentid=1000000005000265024&livemode=1&stbId=3$1920x1080, Date: None, Resolution: 1920x1080, Response Time: 375 ms
Name: ж№–еҚ—еҚ«и§Ҷ, URL: http://gslbservzqhsw.itv.cmvideo.cn/5000000004000006692/1.m3u8?channel-id=bestzb&Contentid=5000000004000006692&livemode=1&stbId=3$1920x1080, Date: None, Resolution: 1920x1080, Response Time: 375 ms
Name: еҢ—дә¬еҚ«и§Ҷ, URL: http://gslbservzqhsw.itv.cmvideo.cn/1000000005000265027/1.m3u8?channel-id=ystenlive&Contentid=1000000005000265027&livemode=1&stbId=3$1920x1080, Date: None, Resolution: 1920x1080, Response Time: 375 ms
Name: ж№–еҢ—еҚ«и§Ҷ, URL: http://gslbservzqhsw.itv.cmvideo.cn/1000000005000265023/1.m3u8?channel-id=ystenlive&Contentid=1000000005000265023&livemode=1&stbId=3$1920x1080, Date: None, Resolution: 1920x1080, Response Time: 375 ms
Name: ж№–еҢ—еҚ«и§Ҷ, URL: http://gslbservzqhsw.itv.cmvideo.cn/1000000001000024621/1.m3u8?channel-id=ystenlive&Contentid=1000000001000024621&livemode=1&stbId=3$1920x1080, Date: None, Resolution: 1920x1080, Response Time: 375 ms
Name: й»‘йҫҷжұҹеҚ«и§Ҷ, URL: http://gslbservzqhsw.itv.cmvideo.cn/1000000005000265029/1.m3u8?channel-id=ystenlive&Contentid=1000000005000265029&livemode=1&stbId=3$1920x1080, Date: None, Resolution: 1920x1080, Response Time: 375 ms
Name: й»‘йҫҷжұҹеҚ«и§Ҷ, URL: http://gslbservzqhsw.itv.cmvideo.cn/1000000001000001925/1.m3u8?channel-id=ystenlive&Contentid=1000000001000001925&livemode=1&stbId=3$1920x1080, Date: None, Resolution: 1920x1080, Response Time: 375 ms
Name: й»‘йҫҷжұҹеҚ«и§Ҷ, URL: http://l.cztvcloud.com/channels/lantian/SXyuyao3/720p.m3u8$720x576, Date: None, Resolution: 720x576, Response Time: 375 ms
Name: е®үеҫҪеҚ«и§Ҷ, URL: http://gslbservzqhsw.itv.cmvideo.cn/1000000005000265025/1.m3u8?channel-id=ystenlive&Contentid=1000000005000265025&livemode=1&stbId=3$1920x1080, Date: None, Resolution: 1920x1080, Response Time: 375 ms
Name: е®үеҫҪеҚ«и§Ҷ, URL: http://gslbservzqhsw.itv.cmvideo.cn/1000000001000030159/1.m3u8?channel-id=ystenlive&Contentid=1000000001000030159&livemode=1&stbId=3$1920x1080, Date: None, Resolution: 1920x1080, Response Time: 375 ms
Name: йҮҚеәҶеҚ«и§Ҷ, URL: http://gslbservzqhsw.itv.cmvideo.cn/1000000005000265017/1.m3u8?channel-id=ystenlive&Contentid=1000000005000265017&livemode=1&stbId=3$1920x1080, Date: None, Resolution: 1920x1080, Response Time: 375 ms
Name: йҮҚеәҶеҚ«и§Ҷ, URL: http://gslbservzqhsw.itv.cmvideo.cn/1000000001000001096/1.m3u8?channel-id=ystenlive&Contentid=1000000001000001096&livemode=1&stbId=3$1920x1080, Date: None, Resolution: 1920x1080, Response Time: 375 ms
Name: дёңж–№еҚ«и§Ҷ, URL: http://gslbservzqhsw.itv.cmvideo.cn/5000000004000014098/1.m3u8?channel-id=bestzb&Contentid=5000000004000014098&livemode=1&stbId=3$1920x1080, Date: None, Resolution: 1920x1080, Response Time: 375 ms
Name: дёңж–№еҚ«и§Ҷ, URL: http://gslbservzqhsw.itv.cmvideo.cn/1000000005000265018/1.m3u8?channel-id=ystenlive&Contentid=1000000005000265018&livemode=1&stbId=3$1920x1080, Date: None, Resolution: 1920x1080, Response Time: 375 ms
Name: дёңеҚ—еҚ«и§Ҷ, URL: http://gslbservzqhsw.itv.cmvideo.cn/1000000005000265033/1.m3u8?channel-id=ystenlive&Contentid=1000000005000265033&livemode=1&stbId=3$1920x1080, Date: None, Resolution: 1920x1080, Response Time: 375 ms
Name: дёңеҚ—еҚ«и§Ҷ, URL: http://gslbservzqhsw.itv.cmvideo.cn/5000000004000010584/1.m3u8?channel-id=bestzb&Contentid=5000000004000010584&livemode=1&stbId=3$1920x1080, Date: None, Resolution: 1920x1080, Response Time: 375 ms
Name: з”ҳиӮғеҚ«и§Ҷ, URL: http://gslbservzqhsw.itv.cmvideo.cn/5000000011000031121/1.m3u8?channel-id=bestzb&Contentid=5000000011000031121&livemode=1&stbId=3$1920x1080, Date: None, Resolution: 1920x1080, Response Time: 375 ms
Name: е№ҝиҘҝеҚ«и§Ҷ, URL: http://gslbservzqhsw.itv.cmvideo.cn/5000000011000031118/1.m3u8?channel-id=bestzb&Contentid=5000000011000031118&livemode=1&stbId=3$1920x1080, Date: None, Resolution: 1920x1080, Response Time: 375 ms
Name: иҙөе·һеҚ«и§Ҷ, URL: http://gslbservzqhsw.itv.cmvideo.cn/5000000004000025843/1.m3u8?channel-id=bestzb&Contentid=5000000004000025843&livemode=1&stbId=3$1920x1080, Date: None, Resolution: 1920x1080, Response Time: 375 ms
Name: жө·еҚ—еҚ«и§Ҷ, URL: http://gslbservzqhsw.itv.cmvideo.cn/5000000004000006211/1.m3u8?channel-id=bestzb&Contentid=5000000004000006211&livemode=1&stbId=3$1920x1080, Date: None, Resolution: 1920x1080, Response Time: 375 ms
Name: жІіеҢ—еҚ«и§Ҷ, URL: http://gslbservzqhsw.itv.cmvideo.cn/5000000006000040016/1.m3u8?channel-id=bestzb&Contentid=5000000006000040016&livemode=1&stbId=3$1920x1080, Date: None, Resolution: 1920x1080, Response Time: 375 ms
Name: жІіеҚ—еҚ«и§Ҷ, URL: http://gslbservzqhsw.itv.cmvideo.cn/5000000011000031119/1.m3u8?channel-id=bestzb&Contentid=5000000011000031119&livemode=1&stbId=3$1920x1080, Date: None, Resolution: 1920x1080, Response Time: 375 ms
Name: еҗүжһ—еҚ«и§Ҷ, URL: http://gslbservzqhsw.itv.cmvideo.cn/5000000011000031117/1.m3u8?channel-id=bestzb&Contentid=5000000011000031117&livemode=1&stbId=3$1920x1080, Date: None, Resolution: 1920x1080, Response Time: 375 ms
Name: еҗүжһ—еҚ«и§Ҷ, URL: https://pulltv1.wanfudaluye.com/live/tv1.m3u8$1280x720, Date: None, Resolution: 1280x720, Response Time: 450 ms
Name: жұҹиӢҸеҚ«и§Ҷ, URL: http://gslbservzqhsw.itv.cmvideo.cn/1000000005000265030/1.m3u8?channel-id=ystenlive&Contentid=1000000005000265030&livemode=1&stbId=3$1920x1080, Date: None, Resolution: 1920x1080, Response Time: 375 ms
Name: жұҹиҘҝеҚ«и§Ҷ, URL: http://gslbservzqhsw.itv.cmvideo.cn/1000000005000265032/1.m3u8?channel-id=ystenlive&Contentid=1000000005000265032&livemode=1&stbId=3$1920x1080, Date: None, Resolution: 1920x1080, Response Time: 375 ms
Name: жұҹиҘҝеҚ«и§Ҷ, URL: http://gslbservzqhsw.itv.cmvideo.cn/1000000006000268001/1.m3u8?channel-id=ystenlive&Contentid=1000000006000268001&livemode=1&stbId=3$1920x1080, Date: None, Resolution: 1920x1080, Response Time: 375 ms
Name: иҫҪе®ҒеҚ«и§Ҷ, URL: http://gslbservzqhsw.itv.cmvideo.cn/1000000005000265022/1.m3u8?channel-id=ystenlive&Contentid=1000000005000265022&livemode=1&stbId=3$1920x1080, Date: None, Resolution: 1920x1080, Response Time: 375 ms
Name: иҫҪе®ҒеҚ«и§Ҷ, URL: http://gslbservzqhsw.itv.cmvideo.cn/5000000004000011671/1.m3u8?channel-id=bestzb&Contentid=5000000004000011671&livemode=1&stbId=3$1920x1080, Date: None, Resolution: 1920x1080, Response Time: 375 ms
Name: йқ’жө·еҚ«и§Ҷ, URL: http://gslbservzqhsw.itv.cmvideo.cn/1000000002000013359/1.m3u8?channel-id=ystenlive&Contentid=1000000002000013359&livemode=1&stbId=3$1920x1080, Date: None, Resolution: 1920x1080, Response Time: 375 ms
Name: еұұдёңеҚ«и§Ҷ, URL: http://gslbservzqhsw.itv.cmvideo.cn/1000000005000265019/1.m3u8?channel-id=ystenlive&Contentid=1000000005000265019&livemode=1&stbId=3$1920x1080, Date: None, Resolution: 1920x1080, Response Time: 375 ms
Name: еұұдёңеҚ«и§Ҷ, URL: http://gslbservzqhsw.itv.cmvideo.cn/1000000001000016568/1.m3u8?channel-id=ystenlive&Contentid=1000000001000016568&livemode=1&stbId=3$1920x1080, Date: None, Resolution: 1920x1080, Response Time: 375 ms
Name: еӣӣе·қеҚ«и§Ҷ, URL: http://gslbservzqhsw.itv.cmvideo.cn/5000000004000006119/1.m3u8?channel-id=bestzb&Contentid=5000000004000006119&livemode=1&stbId=3$1920x1080, Date: None, Resolution: 1920x1080, Response Time: 375 ms
Name: ж·ұеңіеҚ«и§Ҷ, URL: http://gslbservzqhsw.itv.cmvideo.cn/1000000005000265028/1.m3u8?channel-id=ystenlive&Contentid=1000000005000265028&livemode=1&stbId=3$1920x1080, Date: None, Resolution: 1920x1080, Response Time: 375 ms
Name: дёүжІҷеҚ«и§Ҷ, URL: http://22725y284r.yicp.fun:9902/tsfile/live/1031_1.m3u8$720x576, Date: None, Resolution: 720x576, Response Time: 375 ms
Name: еӨ©жҙҘеҚ«и§Ҷ, URL: http://gslbservzqhsw.itv.cmvideo.cn/1000000005000265026/1.m3u8?channel-id=ystenlive&Contentid=1000000005000265026&livemode=1&stbId=3$1920x1080, Date: None, Resolution: 1920x1080, Response Time: 375 ms
Name: еӨ©жҙҘеҚ«и§Ҷ, URL: http://gslbservzqhsw.itv.cmvideo.cn/5000000004000006827/1.m3u8?channel-id=bestzb&Contentid=5000000004000006827&livemode=1&stbId=3$1920x1080, Date: None, Resolution: 1920x1080, Response Time: 375 ms
Name: иҘҝи—ҸеҚ«и§Ҷ, URL: http://php.jdshipin.com:8880/xztv.php?id=ws$1920x1080, Date: None, Resolution: 1920x1080, Response Time: 292 ms
Name: дә‘еҚ—еҚ«и§Ҷ, URL: http://gslbservzqhsw.itv.cmvideo.cn/5000000011000031120/1.m3u8?channel-id=bestzb&Contentid=5000000011000031120&livemode=1&stbId=3$1920x1080, Date: None, Resolution: 1920x1080, Response Time: 375 ms
Name: зҝЎзҝ еҸ°, URL: http://php.jdshipin.com:8880/smt.php?id=jade_twn$1920x1080, Date: None, Resolution: 1920x1080, Response Time: 375 ms
Name: зҝЎзҝ еҸ°, URL: http://php.jdshipin.com:8880/TVOD/iptv.php?id=fct$1920x1080, Date: None, Resolution: 1920x1080, Response Time: 375 ms
Name: еҮӨеҮ°дёӯж–Ү, URL: http://ayolee.com:5253/udp/239.93.0.162:2192$1920x1080, Date: None, Resolution: 1920x1080, Response Time: 117 ms
Name: еҮӨеҮ°дёӯж–Ү, URL: http://pi.0472.org/tv/cbn.php?id=xfjcHD$1280x720, Date: None, Resolution: 1280x720, Response Time: 375 ms
Name: еҮӨеҮ°иө„и®Ҝ, URL: http://php.jdshipin.com:8880/TVOD/iptv.php?id=fhzx$1920x1080, Date: None, Resolution: 1920x1080, Response Time: 450 ms
Name: еҮӨеҮ°иө„и®Ҝ, URL: http://php.jdshipin.com:8880/TVOD/iptv.php?id=fhzx$1920x1080, Date: None, Resolution: 1920x1080, Response Time: 450 ms
Name: еҮӨеҮ°йҰҷжёҜ, URL: http://php.jdshipin.com:8880/TVOD/iptv.php?id=fhhk$1280x720, Date: None, Resolution: 1280x720, Response Time: 375 ms
Name: TVBSдәҡжҙІ, URL: http://d2e1asnsl7br7b.cloudfront.net/7782e205e72f43aeb4a48ec97f66ebbe/index_5.m3u8?zshijd$1920x1080, Date: None, Resolution: 1920x1080, Response Time: 375 ms
Name: TVBSдәҡжҙІ, URL: http://38.64.72.148/hls/modn/list/4005/playlist.m3u8$1920x1080, Date: None, Resolution: 1920x1080, Response Time: 450 ms
Name: TVBSдәҡжҙІ, URL: http://38.64.72.148/hls/modn/list/4005/chunklist1.m3u8?$1920x1080, Date: None, Resolution: 1920x1080, Response Time: 450 ms
Name: TVBSдәҡжҙІ, URL: http://38.64.72.148:80/hls/modn/list/4005/chunklist1.m3u8$1920x1080, Date: None, Resolution: 1920x1080, Response Time: 450 ms
Name: TVBSдәҡжҙІ, URL: http://38.64.72.148:80/hls/modn/list/4005/playlist.m3u8$1920x1080, Date: None, Resolution: 1920x1080, Response Time: 450 ms
Name: TVBSдәҡжҙІ, URL: http://38.64.72.148/hls/modn/list/4005/chunklist0.m3u8$1920x1080, Date: None, Resolution: 1920x1080, Response Time: 450 ms
Name: TVBSдәҡжҙІ, URL: http://38.64.72.148/hls/modn/list/4005/chunklist1.m3u8$1920x1080, Date: None, Resolution: 1920x1080, Response Time: 450 ms
Name: TVBSдәҡжҙІ, URL: http://38.64.72.148:80/hls/modn/list/4005/chunklist0.m3u8$1920x1080, Date: None, Resolution: 1920x1080, Response Time: 450 ms
Name: TVBSдәҡжҙІ, URL: http://38.64.72.148:80/hls/modn/list/4005/playlist.m3u8?$1920x1080, Date: None, Resolution: 1920x1080, Response Time: 450 ms
